WEC-Sim: An open-source code for simulating wave energy converters
Version: 7.0.0

Initializing the Simulation Class...
	Case Dir: C:\Users\jtgrasb\Documents\GitHub\WecOptTool\attenuator\WEC-Sim 

WEC-Sim Pre-processing ...   
	Infinite water depth specified in BEM and "waves.waterDepth" not specified in input file.
Set water depth to 200m for visualization.
Elapsed time is 0.244345 seconds.

WEC-Sim Simulation Settings:
	Start Time                     (sec) = 0
	End Time                       (sec) = 100
	Time Step Size                 (sec) = 0.01
	Ramp Function Time             (sec) = 20
	 Number of Time Steps     = 10000 

Wave Environment: 
	Wave Type                            = Regular Waves (Constant Hydrodynamic Coefficients)
	Wave Height, height (m)                   = 0.1
	Wave Period, period (sec)                 = 8

List of Body:
 
Number of Hydro Bodies = 2 

	***** Body Number 1, Name: rect 0 *****
	Body CG                          (m) = [-1,0,0]
	Body Mass                       (kg) = 500 
	Body Moments of Inertia       (kgm2) = [10,10,10]
	Body Products of Inertia      (kgm2) = [0,0,0]

	***** Body Number 2, Name: rect 1 *****
	Body CG                          (m) = [-3,0,0]
	Body Mass                       (kg) = 500 
	Body Moments of Inertia       (kgm2) = [10,10,10]
	Body Products of Inertia      (kgm2) = [0,0,0]

List of PTO(s): Number of PTOs = 2 

	***** PTO Name: PTO1 *****
	PTO Stiffness           (N/m;Nm/rad) = 0
	PTO Damping           (Ns/m;Nsm/rad) = 1000

	***** PTO Name: PTO2 *****
	PTO Stiffness           (N/m;Nm/rad) = 0
	PTO Damping           (Ns/m;Nsm/rad) = 1000

List of Constraint(s): No Constraint in the system

Elapsed time is 0.055754 seconds.

Simulating the WEC device defined in the SimMechanics model C:\Users\jtgrasb\Documents\GitHub\WecOptTool\attenuator\WEC-Sim\attenuator.slx...   
Elapsed time is 8.597010 seconds.

Post-processing and saving...   
Elapsed time is 0.950582 seconds.
